<?xml version="1.0" encoding="UTF-8"?>
<!-- Generated by org.testng.reporters.JUnitXMLReporter -->
<testsuite ignored="0" hostname="ISCHLAPHP21792" failures="0" tests="3" name="Default test" time="2.281" errors="0" timestamp="2024-06-14T13:14:17 IST">
  <testcase classname="Files.DynamicJson" name="addBook" time="1.888"/>
  <testcase classname="Files.DynamicJson" name="addBook" time="0.162"/>
  <testcase classname="Files.DynamicJson" name="addBook" time="0.161"/>
</testsuite> <!-- Default test -->
