<?xml version="1.0" encoding="UTF-8"?>
<!-- Generated by org.testng.reporters.JUnitXMLReporter -->
<testsuite ignored="2" hostname="ISCHLAPHP21792" failures="1" tests="3" name="Car Loan" time="0.044" errors="0" timestamp="2024-04-23T14:39:46 IST">
  <testcase classname="TestNG.Day3" name="WebLoginCarLoan" time="0.0">
    <failure type="org.testng.TestNGException" message="
Cannot inject @Test annotated Method [WebLoginCarLoan] with [class java.lang.String].
For more information on native dependency injection please refer to https://testng.org/doc/documentation-main.html#native-dependency-injection">
      <![CDATA[org.testng.TestNGException: 
Cannot inject @Test annotated Method [WebLoginCarLoan] with [class java.lang.String].
For more information on native dependency injection please refer to https://testng.org/doc/documentation-main.html#native-dependency-injection
at java.base/java.util.ArrayList.forEach(ArrayList.java:1511)
... Removed 26 stack frames]]>
    </failure>
  </testcase> <!-- WebLoginCarLoan -->
  <testcase classname="TestNG.Day3" name="APISignoutCarLoan" time="0.012"/>
  <testcase classname="TestNG.Day3" name="APILoginCarLoan" time="0.0">
    <skipped/>
  </testcase> <!-- APILoginCarLoan -->
  <testcase classname="TestNG.Day3" name="APISigninCarLoan" time="0.0">
    <ignored/>
  </testcase> <!-- APISigninCarLoan -->
  <testcase classname="TestNG.Day3" name="MoblieLoginCarLoan" time="0.0">
    <ignored/>
  </testcase> <!-- MoblieLoginCarLoan -->
</testsuite> <!-- Car Loan -->
