<?xml version="1.0" encoding="UTF-8"?>
<!-- Generated by org.testng.reporters.JUnitXMLReporter -->
<testsuite ignored="8" hostname="ISCHLAPHP21641" failures="0" tests="3" name="Regression Test" time="0.169" errors="0" timestamp="2024-01-29T18:41:00 IST">
  <testcase classname="TestNG.Day1" name="Demo" time="0.018"/>
  <testcase classname="TestNG.Day4" name="APILoginHomeLoan" time="0.003"/>
  <testcase classname="TestNG.Day3" name="MoblieLoginCarLoan" time="0.005"/>
  <testcase classname="TestNG.Day3" name="APISignoutCarLoan" time="0.0">
    <ignored/>
  </testcase> <!-- APISignoutCarLoan -->
  <testcase classname="TestNG.Day2" name="thirdTest" time="0.0">
    <ignored/>
  </testcase> <!-- thirdTest -->
  <testcase classname="TestNG.Day3" name="APISigninCarLoan" time="0.0">
    <ignored/>
  </testcase> <!-- APISigninCarLoan -->
  <testcase classname="TestNG.Day1" name="secondTest" time="0.0">
    <ignored/>
  </testcase> <!-- secondTest -->
  <testcase classname="TestNG.Day4" name="WebLoginHomeLoan" time="0.0">
    <ignored/>
  </testcase> <!-- WebLoginHomeLoan -->
  <testcase classname="TestNG.Day3" name="APILoginCarLoan" time="0.0">
    <ignored/>
  </testcase> <!-- APILoginCarLoan -->
  <testcase classname="TestNG.Day4" name="MoblieLoginHomeLoan" time="0.0">
    <ignored/>
  </testcase> <!-- MoblieLoginHomeLoan -->
  <testcase classname="TestNG.Day3" name="WebLoginCarLoan" time="0.0">
    <ignored/>
  </testcase> <!-- WebLoginCarLoan -->
</testsuite> <!-- Regression Test -->
