<?xml version="1.0" encoding="UTF-8"?>
<!-- Generated by org.testng.reporters.JUnitXMLReporter -->
<testsuite ignored="0" hostname="ISCHLAPHP21641" failures="0" tests="4" name="Default test" time="0.199" errors="0" timestamp="2023-11-07T20:37:00 IST">
  <testcase classname="JavaStream.TestStream" name="streamCollect" time="0.031"/>
  <testcase classname="JavaStream.TestStream" name="streamFilter" time="0.016"/>
  <testcase classname="JavaStream.TestStream" name="streamMap" time="0.028"/>
  <testcase classname="JavaStream.TestStream" name="test" time="0.006"/>
</testsuite> <!-- Default test -->
