<?xml version="1.0" encoding="UTF-8"?>
<testng-results ignored="0" total="1" passed="1" failed="0" skipped="0">
  <reporter-output>
  </reporter-output>
  <suite started-at="2024-08-06T12:54:20 IST" name="Default suite" finished-at="2024-08-06T12:54:40 IST" duration-ms="19730">
    <groups>
      <group name="cucumber">
        <method signature="AbstractTestNGCucumberTests.runScenario(io.cucumber.testng.PickleWrapper,io.cucumber.testng.FeatureWrapper)[pri:0, instance:Runner.Testrunner@4a83a74a]" name="runScenario" class="io.cucumber.testng.AbstractTestNGCucumberTests"/>
      </group> <!-- cucumber -->
    </groups>
    <test started-at="2024-08-06T12:54:20 IST" name="Default test" finished-at="2024-08-06T12:54:40 IST" duration-ms="19730">
      <class name="Runner.Testrunner">
        <test-method is-config="true" signature="setUpClass(org.testng.ITestContext)[pri:0, instance:Runner.Testrunner@4a83a74a]" started-at="2024-08-06T12:54:20 IST" name="setUpClass" finished-at="2024-08-06T12:54:21 IST" duration-ms="887" status="PASS">
          <params>
            <param index="0">
              <value>
                <![CDATA[org.testng.TestRunner@d978ab9]]>
              </value>
            </param>
          </params>
          <reporter-output>
          </reporter-output>
        </test-method> <!-- setUpClass -->
        <test-method signature="runScenario(io.cucumber.testng.PickleWrapper,io.cucumber.testng.FeatureWrapper)[pri:0, instance:Runner.Testrunner@4a83a74a]" started-at="2024-08-06T12:54:21 IST" name="runScenario" description="Runs Cucumber Scenarios" data-provider="scenarios" finished-at="2024-08-06T12:54:35 IST" duration-ms="14297" status="PASS">
          <params>
            <param index="0">
              <value>
                <![CDATA["Search for Innova Solution"]]>
              </value>
            </param>
            <param index="1">
              <value>
                <![CDATA["Innova Solution"]]>
              </value>
            </param>
          </params>
          <reporter-output>
          </reporter-output>
        </test-method> <!-- runScenario -->
        <test-method is-config="true" signature="tearDownClass()[pri:0, instance:Runner.Testrunner@4a83a74a]" started-at="2024-08-06T12:54:35 IST" name="tearDownClass" finished-at="2024-08-06T12:54:40 IST" duration-ms="4519" status="PASS">
          <reporter-output>
          </reporter-output>
        </test-method> <!-- tearDownClass -->
      </class> <!-- Runner.Testrunner -->
    </test> <!-- Default test -->
  </suite> <!-- Default suite -->
</testng-results>
