<?xml version="1.0" encoding="UTF-8"?>
<testng-results ignored="0" total="4" passed="4" failed="0" skipped="0">
  <reporter-output>
  </reporter-output>
  <suite started-at="2023-11-07T20:36:59 IST" name="Default suite" finished-at="2023-11-07T20:37:00 IST" duration-ms="199">
    <groups>
    </groups>
    <test started-at="2023-11-07T20:36:59 IST" name="Default test" finished-at="2023-11-07T20:37:00 IST" duration-ms="199">
      <class name="JavaStream.TestStream">
        <test-method signature="streamCollect()[pri:0, instance:JavaStream.TestStream@799f10e1]" started-at="2023-11-07T20:37:00 IST" name="streamCollect" finished-at="2023-11-07T20:37:00 IST" duration-ms="31" status="PASS">
          <reporter-output>
          </reporter-output>
        </test-method> <!-- streamCollect -->
        <test-method signature="streamFilter()[pri:0, instance:JavaStream.TestStream@799f10e1]" started-at="2023-11-07T20:37:00 IST" name="streamFilter" finished-at="2023-11-07T20:37:00 IST" duration-ms="16" status="PASS">
          <reporter-output>
          </reporter-output>
        </test-method> <!-- streamFilter -->
        <test-method signature="streamMap()[pri:0, instance:JavaStream.TestStream@799f10e1]" started-at="2023-11-07T20:37:00 IST" name="streamMap" finished-at="2023-11-07T20:37:00 IST" duration-ms="28" status="PASS">
          <reporter-output>
          </reporter-output>
        </test-method> <!-- streamMap -->
        <test-method signature="test()[pri:0, instance:JavaStream.TestStream@799f10e1]" started-at="2023-11-07T20:37:00 IST" name="test" finished-at="2023-11-07T20:37:00 IST" duration-ms="6" status="PASS">
          <reporter-output>
          </reporter-output>
        </test-method> <!-- test -->
      </class> <!-- JavaStream.TestStream -->
    </test> <!-- Default test -->
  </suite> <!-- Default suite -->
</testng-results>
