<?xml version="1.0" encoding="UTF-8"?>
<!-- Generated by org.testng.reporters.JUnitXMLReporter -->
<testsuite ignored="0" hostname="ISCHLAPHP21792" failures="0" tests="3" name="Default test" time="0.495" errors="0" timestamp="2024-10-28T15:42:31 IST">
  <testcase classname="dataDriven.excelDataProvider.dataProvider" name="testCaseData" time="0.007"/>
  <testcase classname="dataDriven.excelDataProvider.dataProvider" name="testCaseData" time="0.001"/>
  <testcase classname="dataDriven.excelDataProvider.dataProvider" name="testCaseData" time="0.001"/>
</testsuite> <!-- Default test -->
