<?xml version="1.0" encoding="UTF-8"?>
<testng-results ignored="0" total="1" passed="1" failed="0" skipped="0">
  <reporter-output>
  </reporter-output>
  <suite started-at="2024-06-30T15:12:45 IST" name="Default suite" finished-at="2024-06-30T15:12:57 IST" duration-ms="12117">
    <groups>
    </groups>
    <test started-at="2024-06-30T15:12:45 IST" name="Default test" finished-at="2024-06-30T15:12:57 IST" duration-ms="12117">
      <class name="seleniumframework.ExtentReports.ExtentReportDemo">
        <test-method is-config="true" signature="config()[pri:0, instance:seleniumframework.ExtentReports.ExtentReportDemo@4b741d6d]" started-at="2024-06-30T15:12:45 IST" name="config" finished-at="2024-06-30T15:12:46 IST" duration-ms="645" status="PASS">
          <reporter-output>
          </reporter-output>
        </test-method> <!-- config -->
        <test-method signature="initialDemo()[pri:0, instance:seleniumframework.ExtentReports.ExtentReportDemo@4b741d6d]" started-at="2024-06-30T15:12:46 IST" name="initialDemo" finished-at="2024-06-30T15:12:57 IST" duration-ms="11391" status="PASS">
          <reporter-output>
          </reporter-output>
        </test-method> <!-- initialDemo -->
      </class> <!-- seleniumframework.ExtentReports.ExtentReportDemo -->
    </test> <!-- Default test -->
  </suite> <!-- Default suite -->
</testng-results>
